<?xml version="1.0" encoding="UTF-8"?>
<testsuite xmlns:xsi="http://www.w3.org/2001/XMLSchema-instance" xsi:noNamespaceSchemaLocation="https://maven.apache.org/surefire/maven-surefire-plugin/xsd/surefire-test-report.xsd" version="3.0.2" name="runner.TestRunner" time="22.589" tests="3" errors="0" skipped="0" failures="0">
  <properties>
    <property name="java.specification.version" value="25"/>
    <property name="webdriver.chrome.driver" value="/Users/arunkumar/.cache/selenium/chromedriver/mac-arm64/140.0.7339.207/chromedriver"/>
    <property name="sun.jnu.encoding" value="UTF-8"/>
    <property name="java.class.path" value="/Users/arunkumar/Documents/SeleniumCucumber/target/test-classes:/Users/arunkumar/Documents/SeleniumCucumber/target/classes:/Users/arunkumar/.m2/repository/io/cucumber/cucumber-java/7.29.0/cucumber-java-7.29.0.jar:/Users/arunkumar/.m2/repository/org/apiguardian/apiguardian-api/1.1.2/apiguardian-api-1.1.2.jar:/Users/arunkumar/.m2/repository/org/seleniumhq/selenium/selenium-java/4.35.0/selenium-java-4.35.0.jar:/Users/arunkumar/.m2/repository/org/seleniumhq/selenium/selenium-api/4.35.0/selenium-api-4.35.0.jar:/Users/arunkumar/.m2/repository/org/jspecify/jspecify/1.0.0/jspecify-1.0.0.jar:/Users/arunkumar/.m2/repository/org/seleniumhq/selenium/selenium-chrome-driver/4.35.0/selenium-chrome-driver-4.35.0.jar:/Users/arunkumar/.m2/repository/com/google/auto/service/auto-service-annotations/1.1.1/auto-service-annotations-1.1.1.jar:/Users/arunkumar/.m2/repository/org/seleniumhq/selenium/selenium-chromium-driver/4.35.0/selenium-chromium-driver-4.35.0.jar:/Users/arunkumar/.m2/repository/org/seleniumhq/selenium/selenium-json/4.35.0/selenium-json-4.35.0.jar:/Users/arunkumar/.m2/repository/org/seleniumhq/selenium/selenium-manager/4.35.0/selenium-manager-4.35.0.jar:/Users/arunkumar/.m2/repository/org/seleniumhq/selenium/selenium-devtools-v137/4.35.0/selenium-devtools-v137-4.35.0.jar:/Users/arunkumar/.m2/repository/org/seleniumhq/selenium/selenium-devtools-v138/4.35.0/selenium-devtools-v138-4.35.0.jar:/Users/arunkumar/.m2/repository/org/seleniumhq/selenium/selenium-devtools-v139/4.35.0/selenium-devtools-v139-4.35.0.jar:/Users/arunkumar/.m2/repository/org/seleniumhq/selenium/selenium-edge-driver/4.35.0/selenium-edge-driver-4.35.0.jar:/Users/arunkumar/.m2/repository/org/seleniumhq/selenium/selenium-firefox-driver/4.35.0/selenium-firefox-driver-4.35.0.jar:/Users/arunkumar/.m2/repository/org/seleniumhq/selenium/selenium-http/4.35.0/selenium-http-4.35.0.jar:/Users/arunkumar/.m2/repository/org/seleniumhq/selenium/selenium-ie-driver/4.35.0/selenium-ie-driver-4.35.0.jar:/Users/arunkumar/.m2/repository/org/seleniumhq/selenium/selenium-remote-driver/4.35.0/selenium-remote-driver-4.35.0.jar:/Users/arunkumar/.m2/repository/com/google/guava/guava/33.4.8-jre/guava-33.4.8-jre.jar:/Users/arunkumar/.m2/repository/com/google/guava/failureaccess/1.0.3/failureaccess-1.0.3.jar:/Users/arunkumar/.m2/repository/com/google/guava/listenablefuture/9999.0-empty-to-avoid-conflict-with-guava/listenablefuture-9999.0-empty-to-avoid-conflict-with-guava.jar:/Users/arunkumar/.m2/repository/com/google/j2objc/j2objc-annotations/3.0.0/j2objc-annotations-3.0.0.jar:/Users/arunkumar/.m2/repository/io/opentelemetry/opentelemetry-api/1.53.0/opentelemetry-api-1.53.0.jar:/Users/arunkumar/.m2/repository/io/opentelemetry/opentelemetry-context/1.53.0/opentelemetry-context-1.53.0.jar:/Users/arunkumar/.m2/repository/io/opentelemetry/opentelemetry-common/1.53.0/opentelemetry-common-1.53.0.jar:/Users/arunkumar/.m2/repository/io/opentelemetry/opentelemetry-exporter-logging/1.53.0/opentelemetry-exporter-logging-1.53.0.jar:/Users/arunkumar/.m2/repository/io/opentelemetry/opentelemetry-sdk-common/1.53.0/opentelemetry-sdk-common-1.53.0.jar:/Users/arunkumar/.m2/repository/io/opentelemetry/opentelemetry-sdk-extension-autoconfigure-spi/1.53.0/opentelemetry-sdk-extension-autoconfigure-spi-1.53.0.jar:/Users/arunkumar/.m2/repository/io/opentelemetry/opentelemetry-sdk-extension-autoconfigure/1.53.0/opentelemetry-sdk-extension-autoconfigure-1.53.0.jar:/Users/arunkumar/.m2/repository/io/opentelemetry/opentelemetry-sdk-trace/1.53.0/opentelemetry-sdk-trace-1.53.0.jar:/Users/arunkumar/.m2/repository/io/opentelemetry/opentelemetry-sdk/1.53.0/opentelemetry-sdk-1.53.0.jar:/Users/arunkumar/.m2/repository/io/opentelemetry/opentelemetry-sdk-metrics/1.53.0/opentelemetry-sdk-metrics-1.53.0.jar:/Users/arunkumar/.m2/repository/io/opentelemetry/opentelemetry-sdk-logs/1.53.0/opentelemetry-sdk-logs-1.53.0.jar:/Users/arunkumar/.m2/repository/net/bytebuddy/byte-buddy/1.17.6/byte-buddy-1.17.6.jar:/Users/arunkumar/.m2/repository/org/seleniumhq/selenium/selenium-os/4.35.0/selenium-os-4.35.0.jar:/Users/arunkumar/.m2/repository/org/apache/commons/commons-exec/1.5.0/commons-exec-1.5.0.jar:/Users/arunkumar/.m2/repository/org/seleniumhq/selenium/selenium-safari-driver/4.35.0/selenium-safari-driver-4.35.0.jar:/Users/arunkumar/.m2/repository/org/seleniumhq/selenium/selenium-support/4.35.0/selenium-support-4.35.0.jar:/Users/arunkumar/.m2/repository/org/testng/testng/7.11.0/testng-7.11.0.jar:/Users/arunkumar/.m2/repository/org/slf4j/slf4j-api/2.0.16/slf4j-api-2.0.16.jar:/Users/arunkumar/.m2/repository/org/jcommander/jcommander/1.83/jcommander-1.83.jar:/Users/arunkumar/.m2/repository/org/webjars/jquery/3.7.1/jquery-3.7.1.jar:/Users/arunkumar/.m2/repository/io/github/bonigarcia/webdrivermanager/6.3.2/webdrivermanager-6.3.2.jar:/Users/arunkumar/.m2/repository/com/google/code/gson/gson/2.13.2/gson-2.13.2.jar:/Users/arunkumar/.m2/repository/com/google/errorprone/error_prone_annotations/2.41.0/error_prone_annotations-2.41.0.jar:/Users/arunkumar/.m2/repository/com/github/docker-java/docker-java/3.6.0/docker-java-3.6.0.jar:/Users/arunkumar/.m2/repository/com/github/docker-java/docker-java-core/3.6.0/docker-java-core-3.6.0.jar:/Users/arunkumar/.m2/repository/com/github/docker-java/docker-java-api/3.6.0/docker-java-api-3.6.0.jar:/Users/arunkumar/.m2/repository/com/fasterxml/jackson/core/jackson-annotations/2.19.2/jackson-annotations-2.19.2.jar:/Users/arunkumar/.m2/repository/com/fasterxml/jackson/core/jackson-databind/2.19.2/jackson-databind-2.19.2.jar:/Users/arunkumar/.m2/repository/com/fasterxml/jackson/core/jackson-core/2.19.2/jackson-core-2.19.2.jar:/Users/arunkumar/.m2/repository/org/slf4j/jcl-over-slf4j/1.7.30/jcl-over-slf4j-1.7.30.jar:/Users/arunkumar/.m2/repository/com/github/docker-java/docker-java-transport-httpclient5/3.6.0/docker-java-transport-httpclient5-3.6.0.jar:/Users/arunkumar/.m2/repository/com/github/docker-java/docker-java-transport/3.6.0/docker-java-transport-3.6.0.jar:/Users/arunkumar/.m2/repository/net/java/dev/jna/jna/5.17.0/jna-5.17.0.jar:/Users/arunkumar/.m2/repository/org/brotli/dec/0.1.2/dec-0.1.2.jar:/Users/arunkumar/.m2/repository/org/apache/commons/commons-lang3/3.18.0/commons-lang3-3.18.0.jar:/Users/arunkumar/.m2/repository/org/apache/commons/commons-compress/1.28.0/commons-compress-1.28.0.jar:/Users/arunkumar/.m2/repository/commons-codec/commons-codec/1.19.0/commons-codec-1.19.0.jar:/Users/arunkumar/.m2/repository/commons-io/commons-io/2.20.0/commons-io-2.20.0.jar:/Users/arunkumar/.m2/repository/org/apache/httpcomponents/client5/httpclient5/5.4.3/httpclient5-5.4.3.jar:/Users/arunkumar/.m2/repository/org/apache/httpcomponents/core5/httpcore5/5.3.4/httpcore5-5.3.4.jar:/Users/arunkumar/.m2/repository/org/apache/httpcomponents/core5/httpcore5-h2/5.3.4/httpcore5-h2-5.3.4.jar:/Users/arunkumar/.m2/repository/io/cucumber/cucumber-junit/7.29.0/cucumber-junit-7.29.0.jar:/Users/arunkumar/.m2/repository/junit/junit/4.13.2/junit-4.13.2.jar:/Users/arunkumar/.m2/repository/org/hamcrest/hamcrest-core/1.3/hamcrest-core-1.3.jar:/Users/arunkumar/.m2/repository/io/qameta/allure/allure-junit4/2.30.0/allure-junit4-2.30.0.jar:/Users/arunkumar/.m2/repository/io/qameta/allure/allure-java-commons/2.30.0/allure-java-commons-2.30.0.jar:/Users/arunkumar/.m2/repository/io/qameta/allure/allure-model/2.30.0/allure-model-2.30.0.jar:/Users/arunkumar/.m2/repository/io/qameta/allure/allure-test-filter/2.30.0/allure-test-filter-2.30.0.jar:/Users/arunkumar/.m2/repository/io/qameta/allure/allure-cucumber7-jvm/2.30.0/allure-cucumber7-jvm-2.30.0.jar:/Users/arunkumar/.m2/repository/io/qameta/allure/allure-junit-platform/2.30.0/allure-junit-platform-2.30.0.jar:/Users/arunkumar/.m2/repository/org/junit/jupiter/junit-jupiter-api/6.0.0-RC3/junit-jupiter-api-6.0.0-RC3.jar:/Users/arunkumar/.m2/repository/org/opentest4j/opentest4j/1.3.0/opentest4j-1.3.0.jar:/Users/arunkumar/.m2/repository/org/junit/platform/junit-platform-commons/6.0.0-RC3/junit-platform-commons-6.0.0-RC3.jar:/Users/arunkumar/.m2/repository/org/junit/platform/junit-platform-launcher/6.0.0-RC3/junit-platform-launcher-6.0.0-RC3.jar:/Users/arunkumar/.m2/repository/org/junit/platform/junit-platform-engine/6.0.0-RC3/junit-platform-engine-6.0.0-RC3.jar:/Users/arunkumar/.m2/repository/io/cucumber/cucumber-core/7.29.0/cucumber-core-7.29.0.jar:/Users/arunkumar/.m2/repository/io/cucumber/cucumber-gherkin/7.29.0/cucumber-gherkin-7.29.0.jar:/Users/arunkumar/.m2/repository/io/cucumber/cucumber-gherkin-messages/7.29.0/cucumber-gherkin-messages-7.29.0.jar:/Users/arunkumar/.m2/repository/io/cucumber/gherkin/35.1.0/gherkin-35.1.0.jar:/Users/arunkumar/.m2/repository/org/assertj/assertj-core/3.27.5/assertj-core-3.27.5.jar:/Users/arunkumar/.m2/repository/io/cucumber/messages/29.0.1/messages-29.0.1.jar:/Users/arunkumar/.m2/repository/io/cucumber/pretty-formatter/2.3.0/pretty-formatter-2.3.0.jar:/Users/arunkumar/.m2/repository/io/cucumber/query/14.3.0/query-14.3.0.jar:/Users/arunkumar/.m2/repository/io/cucumber/teamcity-formatter/0.1.1/teamcity-formatter-0.1.1.jar:/Users/arunkumar/.m2/repository/io/cucumber/testng-xml-formatter/0.6.0/testng-xml-formatter-0.6.0.jar:/Users/arunkumar/.m2/repository/io/cucumber/tag-expressions/6.1.2/tag-expressions-6.1.2.jar:/Users/arunkumar/.m2/repository/io/cucumber/cucumber-expressions/18.0.1/cucumber-expressions-18.0.1.jar:/Users/arunkumar/.m2/repository/io/cucumber/cucumber-json-formatter/0.2.1/cucumber-json-formatter-0.2.1.jar:/Users/arunkumar/.m2/repository/io/cucumber/datatable/7.29.0/datatable-7.29.0.jar:/Users/arunkumar/.m2/repository/io/cucumber/cucumber-plugin/7.29.0/cucumber-plugin-7.29.0.jar:/Users/arunkumar/.m2/repository/io/cucumber/docstring/7.29.0/docstring-7.29.0.jar:/Users/arunkumar/.m2/repository/io/cucumber/html-formatter/21.15.1/html-formatter-21.15.1.jar:/Users/arunkumar/.m2/repository/io/cucumber/junit-xml-formatter/0.9.0/junit-xml-formatter-0.9.0.jar:/Users/arunkumar/.m2/repository/io/cucumber/ci-environment/10.0.1/ci-environment-10.0.1.jar:"/>
    <property name="java.vm.vendor" value="Oracle Corporation"/>
    <property name="sun.arch.data.model" value="64"/>
    <property name="java.vendor.url" value="https://java.oracle.com/"/>
    <property name="user.timezone" value="Asia/Kolkata"/>
    <property name="os.name" value="Mac OS X"/>
    <property name="java.vm.specification.version" value="25"/>
    <property name="sun.java.launcher" value="SUN_STANDARD"/>
    <property name="user.country" value="IN"/>
    <property name="sun.boot.library.path" value="/Library/Java/JavaVirtualMachines/jdk-25.jdk/Contents/Home/lib"/>
    <property name="sun.java.command" value="/Users/arunkumar/Documents/SeleniumCucumber/target/surefire/surefirebooter-20250924125035407_3.jar /Users/arunkumar/Documents/SeleniumCucumber/target/surefire 2025-09-24T12-50-35_024-jvmRun1 surefire-20250924125035407_1tmp surefire_0-20250924125035407_2tmp"/>
    <property name="http.nonProxyHosts" value="local|*.local|169.254/16|*.169.254/16"/>
    <property name="jdk.debug" value="release"/>
    <property name="surefire.test.class.path" value="/Users/arunkumar/Documents/SeleniumCucumber/target/test-classes:/Users/arunkumar/Documents/SeleniumCucumber/target/classes:/Users/arunkumar/.m2/repository/io/cucumber/cucumber-java/7.29.0/cucumber-java-7.29.0.jar:/Users/arunkumar/.m2/repository/org/apiguardian/apiguardian-api/1.1.2/apiguardian-api-1.1.2.jar:/Users/arunkumar/.m2/repository/org/seleniumhq/selenium/selenium-java/4.35.0/selenium-java-4.35.0.jar:/Users/arunkumar/.m2/repository/org/seleniumhq/selenium/selenium-api/4.35.0/selenium-api-4.35.0.jar:/Users/arunkumar/.m2/repository/org/jspecify/jspecify/1.0.0/jspecify-1.0.0.jar:/Users/arunkumar/.m2/repository/org/seleniumhq/selenium/selenium-chrome-driver/4.35.0/selenium-chrome-driver-4.35.0.jar:/Users/arunkumar/.m2/repository/com/google/auto/service/auto-service-annotations/1.1.1/auto-service-annotations-1.1.1.jar:/Users/arunkumar/.m2/repository/org/seleniumhq/selenium/selenium-chromium-driver/4.35.0/selenium-chromium-driver-4.35.0.jar:/Users/arunkumar/.m2/repository/org/seleniumhq/selenium/selenium-json/4.35.0/selenium-json-4.35.0.jar:/Users/arunkumar/.m2/repository/org/seleniumhq/selenium/selenium-manager/4.35.0/selenium-manager-4.35.0.jar:/Users/arunkumar/.m2/repository/org/seleniumhq/selenium/selenium-devtools-v137/4.35.0/selenium-devtools-v137-4.35.0.jar:/Users/arunkumar/.m2/repository/org/seleniumhq/selenium/selenium-devtools-v138/4.35.0/selenium-devtools-v138-4.35.0.jar:/Users/arunkumar/.m2/repository/org/seleniumhq/selenium/selenium-devtools-v139/4.35.0/selenium-devtools-v139-4.35.0.jar:/Users/arunkumar/.m2/repository/org/seleniumhq/selenium/selenium-edge-driver/4.35.0/selenium-edge-driver-4.35.0.jar:/Users/arunkumar/.m2/repository/org/seleniumhq/selenium/selenium-firefox-driver/4.35.0/selenium-firefox-driver-4.35.0.jar:/Users/arunkumar/.m2/repository/org/seleniumhq/selenium/selenium-http/4.35.0/selenium-http-4.35.0.jar:/Users/arunkumar/.m2/repository/org/seleniumhq/selenium/selenium-ie-driver/4.35.0/selenium-ie-driver-4.35.0.jar:/Users/arunkumar/.m2/repository/org/seleniumhq/selenium/selenium-remote-driver/4.35.0/selenium-remote-driver-4.35.0.jar:/Users/arunkumar/.m2/repository/com/google/guava/guava/33.4.8-jre/guava-33.4.8-jre.jar:/Users/arunkumar/.m2/repository/com/google/guava/failureaccess/1.0.3/failureaccess-1.0.3.jar:/Users/arunkumar/.m2/repository/com/google/guava/listenablefuture/9999.0-empty-to-avoid-conflict-with-guava/listenablefuture-9999.0-empty-to-avoid-conflict-with-guava.jar:/Users/arunkumar/.m2/repository/com/google/j2objc/j2objc-annotations/3.0.0/j2objc-annotations-3.0.0.jar:/Users/arunkumar/.m2/repository/io/opentelemetry/opentelemetry-api/1.53.0/opentelemetry-api-1.53.0.jar:/Users/arunkumar/.m2/repository/io/opentelemetry/opentelemetry-context/1.53.0/opentelemetry-context-1.53.0.jar:/Users/arunkumar/.m2/repository/io/opentelemetry/opentelemetry-common/1.53.0/opentelemetry-common-1.53.0.jar:/Users/arunkumar/.m2/repository/io/opentelemetry/opentelemetry-exporter-logging/1.53.0/opentelemetry-exporter-logging-1.53.0.jar:/Users/arunkumar/.m2/repository/io/opentelemetry/opentelemetry-sdk-common/1.53.0/opentelemetry-sdk-common-1.53.0.jar:/Users/arunkumar/.m2/repository/io/opentelemetry/opentelemetry-sdk-extension-autoconfigure-spi/1.53.0/opentelemetry-sdk-extension-autoconfigure-spi-1.53.0.jar:/Users/arunkumar/.m2/repository/io/opentelemetry/opentelemetry-sdk-extension-autoconfigure/1.53.0/opentelemetry-sdk-extension-autoconfigure-1.53.0.jar:/Users/arunkumar/.m2/repository/io/opentelemetry/opentelemetry-sdk-trace/1.53.0/opentelemetry-sdk-trace-1.53.0.jar:/Users/arunkumar/.m2/repository/io/opentelemetry/opentelemetry-sdk/1.53.0/opentelemetry-sdk-1.53.0.jar:/Users/arunkumar/.m2/repository/io/opentelemetry/opentelemetry-sdk-metrics/1.53.0/opentelemetry-sdk-metrics-1.53.0.jar:/Users/arunkumar/.m2/repository/io/opentelemetry/opentelemetry-sdk-logs/1.53.0/opentelemetry-sdk-logs-1.53.0.jar:/Users/arunkumar/.m2/repository/net/bytebuddy/byte-buddy/1.17.6/byte-buddy-1.17.6.jar:/Users/arunkumar/.m2/repository/org/seleniumhq/selenium/selenium-os/4.35.0/selenium-os-4.35.0.jar:/Users/arunkumar/.m2/repository/org/apache/commons/commons-exec/1.5.0/commons-exec-1.5.0.jar:/Users/arunkumar/.m2/repository/org/seleniumhq/selenium/selenium-safari-driver/4.35.0/selenium-safari-driver-4.35.0.jar:/Users/arunkumar/.m2/repository/org/seleniumhq/selenium/selenium-support/4.35.0/selenium-support-4.35.0.jar:/Users/arunkumar/.m2/repository/org/testng/testng/7.11.0/testng-7.11.0.jar:/Users/arunkumar/.m2/repository/org/slf4j/slf4j-api/2.0.16/slf4j-api-2.0.16.jar:/Users/arunkumar/.m2/repository/org/jcommander/jcommander/1.83/jcommander-1.83.jar:/Users/arunkumar/.m2/repository/org/webjars/jquery/3.7.1/jquery-3.7.1.jar:/Users/arunkumar/.m2/repository/io/github/bonigarcia/webdrivermanager/6.3.2/webdrivermanager-6.3.2.jar:/Users/arunkumar/.m2/repository/com/google/code/gson/gson/2.13.2/gson-2.13.2.jar:/Users/arunkumar/.m2/repository/com/google/errorprone/error_prone_annotations/2.41.0/error_prone_annotations-2.41.0.jar:/Users/arunkumar/.m2/repository/com/github/docker-java/docker-java/3.6.0/docker-java-3.6.0.jar:/Users/arunkumar/.m2/repository/com/github/docker-java/docker-java-core/3.6.0/docker-java-core-3.6.0.jar:/Users/arunkumar/.m2/repository/com/github/docker-java/docker-java-api/3.6.0/docker-java-api-3.6.0.jar:/Users/arunkumar/.m2/repository/com/fasterxml/jackson/core/jackson-annotations/2.19.2/jackson-annotations-2.19.2.jar:/Users/arunkumar/.m2/repository/com/fasterxml/jackson/core/jackson-databind/2.19.2/jackson-databind-2.19.2.jar:/Users/arunkumar/.m2/repository/com/fasterxml/jackson/core/jackson-core/2.19.2/jackson-core-2.19.2.jar:/Users/arunkumar/.m2/repository/org/slf4j/jcl-over-slf4j/1.7.30/jcl-over-slf4j-1.7.30.jar:/Users/arunkumar/.m2/repository/com/github/docker-java/docker-java-transport-httpclient5/3.6.0/docker-java-transport-httpclient5-3.6.0.jar:/Users/arunkumar/.m2/repository/com/github/docker-java/docker-java-transport/3.6.0/docker-java-transport-3.6.0.jar:/Users/arunkumar/.m2/repository/net/java/dev/jna/jna/5.17.0/jna-5.17.0.jar:/Users/arunkumar/.m2/repository/org/brotli/dec/0.1.2/dec-0.1.2.jar:/Users/arunkumar/.m2/repository/org/apache/commons/commons-lang3/3.18.0/commons-lang3-3.18.0.jar:/Users/arunkumar/.m2/repository/org/apache/commons/commons-compress/1.28.0/commons-compress-1.28.0.jar:/Users/arunkumar/.m2/repository/commons-codec/commons-codec/1.19.0/commons-codec-1.19.0.jar:/Users/arunkumar/.m2/repository/commons-io/commons-io/2.20.0/commons-io-2.20.0.jar:/Users/arunkumar/.m2/repository/org/apache/httpcomponents/client5/httpclient5/5.4.3/httpclient5-5.4.3.jar:/Users/arunkumar/.m2/repository/org/apache/httpcomponents/core5/httpcore5/5.3.4/httpcore5-5.3.4.jar:/Users/arunkumar/.m2/repository/org/apache/httpcomponents/core5/httpcore5-h2/5.3.4/httpcore5-h2-5.3.4.jar:/Users/arunkumar/.m2/repository/io/cucumber/cucumber-junit/7.29.0/cucumber-junit-7.29.0.jar:/Users/arunkumar/.m2/repository/junit/junit/4.13.2/junit-4.13.2.jar:/Users/arunkumar/.m2/repository/org/hamcrest/hamcrest-core/1.3/hamcrest-core-1.3.jar:/Users/arunkumar/.m2/repository/io/qameta/allure/allure-junit4/2.30.0/allure-junit4-2.30.0.jar:/Users/arunkumar/.m2/repository/io/qameta/allure/allure-java-commons/2.30.0/allure-java-commons-2.30.0.jar:/Users/arunkumar/.m2/repository/io/qameta/allure/allure-model/2.30.0/allure-model-2.30.0.jar:/Users/arunkumar/.m2/repository/io/qameta/allure/allure-test-filter/2.30.0/allure-test-filter-2.30.0.jar:/Users/arunkumar/.m2/repository/io/qameta/allure/allure-cucumber7-jvm/2.30.0/allure-cucumber7-jvm-2.30.0.jar:/Users/arunkumar/.m2/repository/io/qameta/allure/allure-junit-platform/2.30.0/allure-junit-platform-2.30.0.jar:/Users/arunkumar/.m2/repository/org/junit/jupiter/junit-jupiter-api/6.0.0-RC3/junit-jupiter-api-6.0.0-RC3.jar:/Users/arunkumar/.m2/repository/org/opentest4j/opentest4j/1.3.0/opentest4j-1.3.0.jar:/Users/arunkumar/.m2/repository/org/junit/platform/junit-platform-commons/6.0.0-RC3/junit-platform-commons-6.0.0-RC3.jar:/Users/arunkumar/.m2/repository/org/junit/platform/junit-platform-launcher/6.0.0-RC3/junit-platform-launcher-6.0.0-RC3.jar:/Users/arunkumar/.m2/repository/org/junit/platform/junit-platform-engine/6.0.0-RC3/junit-platform-engine-6.0.0-RC3.jar:/Users/arunkumar/.m2/repository/io/cucumber/cucumber-core/7.29.0/cucumber-core-7.29.0.jar:/Users/arunkumar/.m2/repository/io/cucumber/cucumber-gherkin/7.29.0/cucumber-gherkin-7.29.0.jar:/Users/arunkumar/.m2/repository/io/cucumber/cucumber-gherkin-messages/7.29.0/cucumber-gherkin-messages-7.29.0.jar:/Users/arunkumar/.m2/repository/io/cucumber/gherkin/35.1.0/gherkin-35.1.0.jar:/Users/arunkumar/.m2/repository/org/assertj/assertj-core/3.27.5/assertj-core-3.27.5.jar:/Users/arunkumar/.m2/repository/io/cucumber/messages/29.0.1/messages-29.0.1.jar:/Users/arunkumar/.m2/repository/io/cucumber/pretty-formatter/2.3.0/pretty-formatter-2.3.0.jar:/Users/arunkumar/.m2/repository/io/cucumber/query/14.3.0/query-14.3.0.jar:/Users/arunkumar/.m2/repository/io/cucumber/teamcity-formatter/0.1.1/teamcity-formatter-0.1.1.jar:/Users/arunkumar/.m2/repository/io/cucumber/testng-xml-formatter/0.6.0/testng-xml-formatter-0.6.0.jar:/Users/arunkumar/.m2/repository/io/cucumber/tag-expressions/6.1.2/tag-expressions-6.1.2.jar:/Users/arunkumar/.m2/repository/io/cucumber/cucumber-expressions/18.0.1/cucumber-expressions-18.0.1.jar:/Users/arunkumar/.m2/repository/io/cucumber/cucumber-json-formatter/0.2.1/cucumber-json-formatter-0.2.1.jar:/Users/arunkumar/.m2/repository/io/cucumber/datatable/7.29.0/datatable-7.29.0.jar:/Users/arunkumar/.m2/repository/io/cucumber/cucumber-plugin/7.29.0/cucumber-plugin-7.29.0.jar:/Users/arunkumar/.m2/repository/io/cucumber/docstring/7.29.0/docstring-7.29.0.jar:/Users/arunkumar/.m2/repository/io/cucumber/html-formatter/21.15.1/html-formatter-21.15.1.jar:/Users/arunkumar/.m2/repository/io/cucumber/junit-xml-formatter/0.9.0/junit-xml-formatter-0.9.0.jar:/Users/arunkumar/.m2/repository/io/cucumber/ci-environment/10.0.1/ci-environment-10.0.1.jar:"/>
    <property name="sun.cpu.endian" value="little"/>
    <property name="user.home" value="/Users/arunkumar"/>
    <property name="user.language" value="en"/>
    <property name="java.specification.vendor" value="Oracle Corporation"/>
    <property name="java.version.date" value="2025-09-16"/>
    <property name="java.home" value="/Library/Java/JavaVirtualMachines/jdk-25.jdk/Contents/Home"/>
    <property name="file.separator" value="/"/>
    <property name="basedir" value="/Users/arunkumar/Documents/SeleniumCucumber"/>
    <property name="java.vm.compressedOopsMode" value="Zero based"/>
    <property name="line.separator" value="&#10;"/>
    <property name="java.vm.specification.vendor" value="Oracle Corporation"/>
    <property name="java.specification.name" value="Java Platform API Specification"/>
    <property name="apple.awt.application.name" value="ForkedBooter"/>
    <property name="surefire.real.class.path" value="/Users/arunkumar/Documents/SeleniumCucumber/target/surefire/surefirebooter-20250924125035407_3.jar"/>
    <property name="sun.management.compiler" value="HotSpot 64-Bit Tiered Compilers"/>
    <property name="ftp.nonProxyHosts" value="local|*.local|169.254/16|*.169.254/16"/>
    <property name="java.runtime.version" value="25+37-LTS-3491"/>
    <property name="user.name" value="arunkumar"/>
    <property name="stdout.encoding" value="UTF-8"/>
    <property name="path.separator" value=":"/>
    <property name="os.version" value="14.6.1"/>
    <property name="java.runtime.name" value="Java(TM) SE Runtime Environment"/>
    <property name="file.encoding" value="UTF-8"/>
    <property name="java.vm.name" value="Java HotSpot(TM) 64-Bit Server VM"/>
    <property name="localRepository" value="/Users/arunkumar/.m2/repository"/>
    <property name="cucumber.options" value="--plugin io.qameta.allure.cucumber7jvm.AllureCucumber7Jvm"/>
    <property name="java.vendor.url.bug" value="https://bugreport.java.com/bugreport/"/>
    <property name="java.io.tmpdir" value="/var/folders/5s/gk545zps0f588q3gskn3lzpc0000gn/T/"/>
    <property name="java.version" value="25"/>
    <property name="user.dir" value="/Users/arunkumar/Documents/SeleniumCucumber"/>
    <property name="os.arch" value="aarch64"/>
    <property name="java.vm.specification.name" value="Java Virtual Machine Specification"/>
    <property name="native.encoding" value="UTF-8"/>
    <property name="java.library.path" value="/Users/arunkumar/Library/Java/Extensions:/Library/Java/Extensions:/Network/Library/Java/Extensions:/System/Library/Java/Extensions:/usr/lib/java:."/>
    <property name="java.vm.info" value="mixed mode, sharing"/>
    <property name="stderr.encoding" value="UTF-8"/>
    <property name="java.vendor" value="Oracle Corporation"/>
    <property name="java.vm.version" value="25+37-LTS-3491"/>
    <property name="stdin.encoding" value="UTF-8"/>
    <property name="sun.io.unicode.encoding" value="UnicodeBig"/>
    <property name="socksNonProxyHosts" value="local|*.local|169.254/16|*.169.254/16"/>
    <property name="java.class.version" value="69.0"/>
  </properties>
  <testcase name="Validate general user is able to view products wihtout logging in" classname="runner.TestRunner" time="8.97">
    <system-err><![CDATA[SLF4J(W): No SLF4J providers were found.
SLF4J(W): Defaulting to no-operation (NOP) logger implementation
SLF4J(W): See https://www.slf4j.org/codes.html#noProviders for further details.
Sept 24, 2025 12:50:36 PM io.cucumber.core.options.CucumberPropertiesParser lambda$warnWhenCucumberOptionsIsUsed$2
WARNING: Passing commandline options via the property 'cucumber.options' is no longer supported. Please use individual properties instead. See the java doc on io.cucumber.core.options.Constants for details.
Sept 24, 2025 12:50:36 PM io.cucumber.core.options.CucumberPropertiesParser lambda$warnWhenCucumberOptionsIsUsed$2
WARNING: Passing commandline options via the property 'cucumber.options' is no longer supported. Please use individual properties instead. See the java doc on io.cucumber.core.options.Constants for details.
Sept 24, 2025 12:50:38 PM org.openqa.selenium.devtools.CdpVersionFinder findNearestMatch
WARNING: Unable to find an exact match for CDP version 140, returning the closest version; found: 139; Please update to a Selenium version that supports CDP version 140
]]></system-err>
  </testcase>
  <testcase name="Validate user is able to view after Login" classname="runner.TestRunner" time="7.388">
    <system-err><![CDATA[Sept 24, 2025 12:50:46 PM org.openqa.selenium.devtools.CdpVersionFinder findNearestMatch
WARNING: Unable to find an exact match for CDP version 140, returning the closest version; found: 139; Please update to a Selenium version that supports CDP version 140
]]></system-err>
  </testcase>
  <testcase name="Validate new user is able to view after clicking on new Registration" classname="runner.TestRunner" time="6.146">
    <system-err><![CDATA[Sept 24, 2025 12:50:53 PM org.openqa.selenium.devtools.CdpVersionFinder findNearestMatch
WARNING: Unable to find an exact match for CDP version 140, returning the closest version; found: 139; Please update to a Selenium version that supports CDP version 140
]]></system-err>
  </testcase>
</testsuite>